
> nexus-vercel@0.1.0 build
> next build

node.exe : ⚠ `eslint` 
configuration in 
next.config.js is no 
longer supported. See more 
info here: https://nextjs.o
rg/docs/app/api-reference/c
li/next#next-lint-options
At line:1 char:1
+ & "C:\Program 
Files\nodejs/node.exe" "C:\
Users\User\AppData\Roaming\
n ...
+ ~~~~~~~~~~~~~~~~~~~~~~~~~
~~~~~~~~~~~~~~~~~~~~~~~~~~~
~~~~~~~~~~~~~~~~~
    + CategoryInfo         
     : NotSpecified: (⚠ `  
  eslint` conf...xt-lint   
 -options:String) [], R    
emoteException
    + FullyQualifiedErrorI 
   d : NativeCommandError
 
⚠ Invalid next.config.js 
options detected: 
⚠     Unrecognized key(s) 
in object: 'eslint'
⚠ See more info here: https
://nextjs.org/docs/messages
/invalid-next-config
⚠ Warning: Next.js 
inferred your workspace 
root, but it may not be 
correct.
 We detected multiple 
lockfiles and selected the 
directory of C:\Users\User\
package-lock.json as the 
root directory.
 To silence this warning, 
set `turbopack.root` in 
your Next.js config, or 
consider removing one of 
the lockfiles if it's not 
needed.
   See https://nextjs.org/d
ocs/app/api-reference/confi
g/next-config-js/turbopack#
root-directory for more 
information.
 Detected additional 
lockfiles: 
   * C:\Users\User\OneDrive
\Desktop\Website\nexus-verc
el\package-lock.json

▲ Next.js 16.1.6 (Turbopack)
- Environments: .env.local

  Creating an optimized production build ...

> Build error occurred
Error: Turbopack build 
failed with 5 errors:
./OneDrive/Desktop/Website/
nexus-vercel/app/api/alarm-
events/route.ts:2:1
Module not found: Can't 
resolve 
'@/lib/supabaseClient'
[0m [90m 1 |[39m 
[36mimport[39m { 
[33mNextResponse[39m } 
[36mfrom[39m [32m'next/s
erver'[39m[33m;[39m
[31m[1m>[22m[39m[90m 
2 |[39m [36mimport[39m 
{ supabase } 
[36mfrom[39m [32m'@/lib/
supabaseClient'[39m[33m;
[39m
 [90m   |[39m [31m[1m^
[22m[39m[31m[1m^[22m[3
9m[31m[1m^[22m[39m[31m
[1m^[22m[39m[31m[1m^[
22m[39m[31m[1m^[22m[39
m[31m[1m^[22m[39m[31m
[1m^[22m[39m[31m[1m^[2
2m[39m[31m[1m^[22m[39m
[31m[1m^[22m[39m[31m[
1m^[22m[39m[31m[1m^[22
m[39m[31m[1m^[22m[39m
[31m[1m^[22m[39m[31m[1
m^[22m[39m[31m[1m^[22m
[39m[31m[1m^[22m[39m[
31m[1m^[22m[39m[31m[1m
^[22m[39m[31m[1m^[22m
[39m[31m[1m^[22m[39m[3
1m[1m^[22m[39m[31m[1m^
[22m[39m[31m[1m^[22m[
39m[31m[1m^[22m[39m[31
m[1m^[22m[39m[31m[1m^
[22m[39m[31m[1m^[22m[3
9m[31m[1m^[22m[39m[31m
[1m^[22m[39m[31m[1m^[
22m[39m[31m[1m^[22m[39
m[31m[1m^[22m[39m[31m
[1m^[22m[39m[31m[1m^[2
2m[39m[31m[1m^[22m[39m
[31m[1m^[22m[39m[31m[
1m^[22m[39m[31m[1m^[22
m[39m[31m[1m^[22m[39m
[31m[1m^[22m[39m[31m[1
m^[22m[39m[31m[1m^[22m
[39m[31m[1m^[22m[39m[
31m[1m^[22m[39m[31m[1m
^[22m[39m[31m[1m^[22m
[39m
 [90m 3 |[39m
 [90m 4 |[39m 
[36mexport[39m 
[36masync[39m 
[36mfunction[39m [33mPOS
T[39m(request[33m:[39m 
[33mRequest[39m) {
 [90m 5 |[39m     
[36mtry[39m {[0m

Import map: aliased to 
relative 
'./src/lib/supabaseClient' 
inside of [project]/OneDriv
e/Desktop/Website/nexus-ver
cel


https://nextjs.org/docs/mes
sages/module-not-found


./OneDrive/Desktop/Website/
nexus-vercel/app/api/compli
ance/route.ts:2:1
Module not found: Can't 
resolve 
'@/lib/supabaseClient'
[0m [90m 1 |[39m 
[36mimport[39m { 
[33mNextResponse[39m } 
[36mfrom[39m [32m'next/s
erver'[39m[33m;[39m
[31m[1m>[22m[39m[90m 
2 |[39m [36mimport[39m 
{ supabase } 
[36mfrom[39m [32m'@/lib/
supabaseClient'[39m[33m;
[39m
 [90m   |[39m [31m[1m^
[22m[39m[31m[1m^[22m[3
9m[31m[1m^[22m[39m[31m
[1m^[22m[39m[31m[1m^[
22m[39m[31m[1m^[22m[39
m[31m[1m^[22m[39m[31m
[1m^[22m[39m[31m[1m^[2
2m[39m[31m[1m^[22m[39m
[31m[1m^[22m[39m[31m[
1m^[22m[39m[31m[1m^[22
m[39m[31m[1m^[22m[39m
[31m[1m^[22m[39m[31m[1
m^[22m[39m[31m[1m^[22m
[39m[31m[1m^[22m[39m[
31m[1m^[22m[39m[31m[1m
^[22m[39m[31m[1m^[22m
[39m[31m[1m^[22m[39m[3
1m[1m^[22m[39m[31m[1m^
[22m[39m[31m[1m^[22m[
39m[31m[1m^[22m[39m[31
m[1m^[22m[39m[31m[1m^
[22m[39m[31m[1m^[22m[3
9m[31m[1m^[22m[39m[31m
[1m^[22m[39m[31m[1m^[
22m[39m[31m[1m^[22m[39
m[31m[1m^[22m[39m[31m
[1m^[22m[39m[31m[1m^[2
2m[39m[31m[1m^[22m[39m
[31m[1m^[22m[39m[31m[
1m^[22m[39m[31m[1m^[22
m[39m[31m[1m^[22m[39m
[31m[1m^[22m[39m[31m[1
m^[22m[39m[31m[1m^[22m
[39m[31m[1m^[22m[39m[
31m[1m^[22m[39m[31m[1m
^[22m[39m[31m[1m^[22m
[39m
 [90m 3 |[39m
 [90m 4 |[39m 
[36mexport[39m 
[36masync[39m 
[36mfunction[39m [33mPOS
T[39m(request[33m:[39m 
[33mRequest[39m) {
 [90m 5 |[39m     
[36mtry[39m {[0m

Import map: aliased to 
relative 
'./src/lib/supabaseClient' 
inside of [project]/OneDriv
e/Desktop/Website/nexus-ver
cel


https://nextjs.org/docs/mes
sages/module-not-found


./OneDrive/Desktop/Website/
nexus-vercel/app/api/feed/r
oute.ts:2:1
Module not found: Can't 
resolve 
'@/lib/supabaseClient'
[0m [90m 1 |[39m 
[36mimport[39m { 
[33mNextResponse[39m } 
[36mfrom[39m [32m'next/s
erver'[39m[33m;[39m
[31m[1m>[22m[39m[90m 
2 |[39m [36mimport[39m 
{ supabase } 
[36mfrom[39m [32m'@/lib/
supabaseClient'[39m[33m;
[39m
 [90m   |[39m [31m[1m^
[22m[39m[31m[1m^[22m[3
9m[31m[1m^[22m[39m[31m
[1m^[22m[39m[31m[1m^[
22m[39m[31m[1m^[22m[39
m[31m[1m^[22m[39m[31m
[1m^[22m[39m[31m[1m^[2
2m[39m[31m[1m^[22m[39m
[31m[1m^[22m[39m[31m[
1m^[22m[39m[31m[1m^[22
m[39m[31m[1m^[22m[39m
[31m[1m^[22m[39m[31m[1
m^[22m[39m[31m[1m^[22m
[39m[31m[1m^[22m[39m[
31m[1m^[22m[39m[31m[1m
^[22m[39m[31m[1m^[22m
[39m[31m[1m^[22m[39m[3
1m[1m^[22m[39m[31m[1m^
[22m[39m[31m[1m^[22m[
39m[31m[1m^[22m[39m[31
m[1m^[22m[39m[31m[1m^
[22m[39m[31m[1m^[22m[3
9m[31m[1m^[22m[39m[31m
[1m^[22m[39m[31m[1m^[
22m[39m[31m[1m^[22m[39
m[31m[1m^[22m[39m[31m
[1m^[22m[39m[31m[1m^[2
2m[39m[31m[1m^[22m[39m
[31m[1m^[22m[39m[31m[
1m^[22m[39m[31m[1m^[22
m[39m[31m[1m^[22m[39m
[31m[1m^[22m[39m[31m[1
m^[22m[39m[31m[1m^[22m
[39m[31m[1m^[22m[39m[
31m[1m^[22m[39m[31m[1m
^[22m[39m[31m[1m^[22m
[39m
 [90m 3 |[39m
 [90m 4 |[39m 
[36mexport[39m 
[36mconst[39m dynamic 
[33m=[39m [32m'force-dyn
amic'[39m[33m;[39m 
[90m// Ensure no 
caching[39m
 [90m 5 |[39m[0m

Import map: aliased to 
relative 
'./src/lib/supabaseClient' 
inside of [project]/OneDriv
e/Desktop/Website/nexus-ver
cel


https://nextjs.org/docs/mes
sages/module-not-found


./OneDrive/Desktop/Website/
nexus-vercel/app/api/gateke
eper/route.ts:2:1
Module not found: Can't 
resolve 
'@/lib/supabaseClient'
[0m [90m 1 |[39m 
[36mimport[39m { 
[33mNextResponse[39m } 
[36mfrom[39m [32m'next/s
erver'[39m[33m;[39m
[31m[1m>[22m[39m[90m 
2 |[39m [36mimport[39m 
{ supabase } 
[36mfrom[39m [32m'@/lib/
supabaseClient'[39m[33m;
[39m
 [90m   |[39m [31m[1m^
[22m[39m[31m[1m^[22m[3
9m[31m[1m^[22m[39m[31m
[1m^[22m[39m[31m[1m^[
22m[39m[31m[1m^[22m[39
m[31m[1m^[22m[39m[31m
[1m^[22m[39m[31m[1m^[2
2m[39m[31m[1m^[22m[39m
[31m[1m^[22m[39m[31m[
1m^[22m[39m[31m[1m^[22
m[39m[31m[1m^[22m[39m
[31m[1m^[22m[39m[31m[1
m^[22m[39m[31m[1m^[22m
[39m[31m[1m^[22m[39m[
31m[1m^[22m[39m[31m[1m
^[22m[39m[31m[1m^[22m
[39m[31m[1m^[22m[39m[3
1m[1m^[22m[39m[31m[1m^
[22m[39m[31m[1m^[22m[
39m[31m[1m^[22m[39m[31
m[1m^[22m[39m[31m[1m^
[22m[39m[31m[1m^[22m[3
9m[31m[1m^[22m[39m[31m
[1m^[22m[39m[31m[1m^[
22m[39m[31m[1m^[22m[39
m[31m[1m^[22m[39m[31m
[1m^[22m[39m[31m[1m^[2
2m[39m[31m[1m^[22m[39m
[31m[1m^[22m[39m[31m[
1m^[22m[39m[31m[1m^[22
m[39m[31m[1m^[22m[39m
[31m[1m^[22m[39m[31m[1
m^[22m[39m[31m[1m^[22m
[39m[31m[1m^[22m[39m[
31m[1m^[22m[39m[31m[1m
^[22m[39m[31m[1m^[22m
[39m
 [90m 3 |[39m
 [90m 4 |[39m 
[36mexport[39m 
[36masync[39m 
[36mfunction[39m [33mPOS
T[39m(request[33m:[39m 
[33mRequest[39m) {
 [90m 5 |[39m     
[36mtry[39m {[0m

Import map: aliased to 
relative 
'./src/lib/supabaseClient' 
inside of [project]/OneDriv
e/Desktop/Website/nexus-ver
cel


https://nextjs.org/docs/mes
sages/module-not-found


./OneDrive/Desktop/Website/
nexus-vercel/app/api/visito
r/route.ts:2:1
Module not found: Can't 
resolve 'qrcode'
[0m [90m 1 |[39m 
[36mimport[39m { 
[33mNextResponse[39m } 
[36mfrom[39m [32m'next/s
erver'[39m[33m;[39m
[31m[1m>[22m[39m[90m 
2 |[39m [36mimport[39m 
[33mQRCode[39m 
[36mfrom[39m [32m'qrcode
'[39m[33m;[39m
 [90m   |[39m [31m[1m^
[22m[39m[31m[1m^[22m[3
9m[31m[1m^[22m[39m[31m
[1m^[22m[39m[31m[1m^[
22m[39m[31m[1m^[22m[39
m[31m[1m^[22m[39m[31m
[1m^[22m[39m[31m[1m^[2
2m[39m[31m[1m^[22m[39m
[31m[1m^[22m[39m[31m[
1m^[22m[39m[31m[1m^[22
m[39m[31m[1m^[22m[39m
[31m[1m^[22m[39m[31m[1
m^[22m[39m[31m[1m^[22m
[39m[31m[1m^[22m[39m[
31m[1m^[22m[39m[31m[1m
^[22m[39m[31m[1m^[22m
[39m[31m[1m^[22m[39m[3
1m[1m^[22m[39m[31m[1m^
[22m[39m[31m[1m^[22m[
39m[31m[1m^[22m[39m[31
m[1m^[22m[39m[31m[1m^
[22m[39m
 [90m 3 |[39m [90m// 
Note: We don't have a 
visitors table in the 
schema for *codes*, just 
users. [39m
 [90m 4 |[39m [90m// 
The prompt requirement was 
"Generate... System 
returns valid signed QR 
string".[39m
 [90m 5 |[39m [90m// We 
can just keep this 
"stateless" or use the 
`credentials` table if we 
really want 
persistence.[39m[0m



https://nextjs.org/docs/mes
sages/module-not-found


    at <unknown> (./OneDriv
e/Desktop/Website/nexus-ver
cel/app/api/alarm-events/ro
ute.ts:2:1)
    at <unknown> (https://n
extjs.org/docs/messages/mod
ule-not-found)
    at <unknown> (./OneDriv
e/Desktop/Website/nexus-ver
cel/app/api/compliance/rout
e.ts:2:1)
    at <unknown> (https://n
extjs.org/docs/messages/mod
ule-not-found)
    at <unknown> (./OneDriv
e/Desktop/Website/nexus-ver
cel/app/api/feed/route.ts:2
:1)
    at <unknown> (https://n
extjs.org/docs/messages/mod
ule-not-found)
    at <unknown> (./OneDriv
e/Desktop/Website/nexus-ver
cel/app/api/gatekeeper/rout
e.ts:2:1)
    at <unknown> (https://n
extjs.org/docs/messages/mod
ule-not-found)
    at <unknown> (./OneDriv
e/Desktop/Website/nexus-ver
cel/app/api/visitor/route.t
s:2:1)
    at <unknown> (https://n
extjs.org/docs/messages/mod
ule-not-found)
