node.exe : Vercel CLI 
50.15.1
At line:1 char:1
+ & "C:\Program 
Files\nodejs/node.exe" "C:\
Users\User\AppData\Roaming\
n ...
+ ~~~~~~~~~~~~~~~~~~~~~~~~~
~~~~~~~~~~~~~~~~~~~~~~~~~~~
~~~~~~~~~~~~~~~~~
    + CategoryInfo         
     : NotSpecified: (Ver  
  cel CLI 50.15.1:String   
 ) [], RemoteException
    + FullyQualifiedErrorI 
   d : NativeCommandError
 
Retrieving projectΓÇª
Deploying kyles-projects-1a
3e7e0d/nexus-vercel
Uploading 
[--------------------] 
(0.0B/33.5KB)
Uploading 
[=========-----------] 
(16.0KB/33.5KB)
Uploading 
[================----] 
(26.9KB/33.5KB)
Uploading 
[================----] 
(27.8KB/33.5KB)
Uploading 
[====================] 
(33.5KB/33.5KB)
Inspect: https://vercel.com
/kyles-projects-1a3e7e0d/ne
xus-vercel/9uh36aJWH5bkZ1aY
HRGGHdy6fS3T [11s]
Production: https://nexus-v
ercel-3n4meq1jw-kyles-proje
cts-1a3e7e0d.vercel.app 
[11s]
Building...
Building: Running build in 
Washington, D.C., USA 
(East) ΓÇô iad1
Building: Build machine 
configuration: 2 cores, 8 
GB
Building: Retrieving list 
of deployment files...
Building: Downloading 130 
deployment files...
Building: Downloading 130 
deployment files...
Building: Restored build 
cache from previous 
deployment (7M74JTLQWXfHPi7
J9HT1Hnjjaoi4)
Building: Running "vercel 
build"
Building: Vercel CLI 
50.23.2
Building: Installing 
dependencies...
Building: added 1 package 
in 2s
Building: 150 packages are 
looking for funding
Building: run `npm fund` 
for details
Building: Detected Next.js 
version: 16.1.6
Building: Running "npm run 
build"
Building: > 
nexus-vercel@0.1.0 build
Building: > next build
Building: ΓÜá `eslint` 
configuration in 
next.config.js is no 
longer supported. See more 
info here: https://nextjs.o
rg/docs/app/api-reference/c
li/next#next-lint-options
Building: ΓÜá Invalid 
next.config.js options 
detected:
Building: ΓÜá     
Unrecognized key(s) in 
object: 'eslint'
Building: ΓÜá See more 
info here: https://nextjs.o
rg/docs/messages/invalid-ne
xt-config
Building: Γû▓ Next.js 
16.1.6 (Turbopack)
Building: ΓÜá The 
"middleware" file 
convention is deprecated. 
Please use "proxy" 
instead. Learn more: https:
//nextjs.org/docs/messages/
middleware-to-proxy
Building: Creating an 
optimized production build 
...
Building: > Build error 
occurred
Building: Error: Turbopack 
build failed with 14 
errors:
Building: ./src/components/
GuardSidebar.tsx:12:1
Building: Module not 
found: Can't resolve 
'@/lib/supabase/client'
Building: 10 |     
ShieldCheck
Building: 11 | } from 
'lucide-react'
Building: > 12 | import { 
createClient } from 
'@/lib/supabase/client'
Building: | ^^^^^^^^^^^^^^^
^^^^^^^^^^^^^^^^^^^^^^^^^^^
^^^^^^^^^^
Building: 13 | import { 
useRouter } from 
'next/navigation'
Building: 14 |
Building: 15 | const 
navItems = [
Building: Import map: 
aliased to relative './src/
lib/supabase/client' 
inside of [project]/
Building: Import trace:
Building: Server Component:
Building: ./src/components/
GuardSidebar.tsx
Building: 
./src/app/guard/layout.tsx
Building: https://nextjs.or
g/docs/messages/module-not-
found
Building: ./src/components/
Sidebar.tsx:6:1
Building: Module not 
found: Can't resolve 
'@/lib/supabase/client'
Building: 4 | import { 
usePathname } from 
'next/navigation'
Building: 5 | import { 
Users, PlusCircle, LogOut, 
SmartphoneNfc } from 
'lucide-react'
Building: > 6 | import { 
createClient } from 
'@/lib/supabase/client'
Building: | ^^^^^^^^^^^^^^^
^^^^^^^^^^^^^^^^^^^^^^^^^^^
^^^^^^^^^^
Building: 7 | import { 
useRouter } from 
'next/navigation'
Building: 8 | import Image 
from 'next/image'
Building: 9 |
Building: Import map: 
aliased to relative './src/
lib/supabase/client' 
inside of [project]/
Building: Import trace:
Building: Server Component:
Building: ./src/components/
Sidebar.tsx
Building: ./src/app/dashboa
rd/layout.tsx
Building: https://nextjs.or
g/docs/messages/module-not-
found
Building: ./src/components/
SuperAdminSidebar.tsx:6:1
Building: Module not 
found: Can't resolve 
'@/lib/supabase/client'
Building: 4 | import { 
usePathname } from 
'next/navigation'
Building: 5 | import { 
ShieldCheck, Activity, 
Building, ScrollText, 
Megaphone, LogOut } from 
'lucide-react'
Building: > 6 | import { 
createClient } from 
'@/lib/supabase/client'
Building: | ^^^^^^^^^^^^^^^
^^^^^^^^^^^^^^^^^^^^^^^^^^^
^^^^^^^^^^
Building: 7 | import { 
useRouter } from 
'next/navigation'
Building: 8 |
Building: 9 | export 
function 
SuperAdminSidebar() {
Building: Import map: 
aliased to relative './src/
lib/supabase/client' 
inside of [project]/
Building: Import trace:
Building: Server Component:
Building: ./src/components/
SuperAdminSidebar.tsx
Building: ./src/app/super-a
dmin/layout.tsx
Building: https://nextjs.or
g/docs/messages/module-not-
found
Building: 
./src/middleware.ts:2:1
Building: Module not 
found: Can't resolve 
'@/lib/supabase/middleware'
Building: 1 | import { 
type NextRequest } from 
'next/server'
Building: > 2 | import { 
updateSession } from 
'@/lib/supabase/middleware'
Building: | ^^^^^^^^^^^^^^^
^^^^^^^^^^^^^^^^^^^^^^^^^^^
^^^^^^^^^^^^^^^
Building: 3 |
Building: 4 | export async 
function 
middleware(request: 
NextRequest) {
Building: 5 |     return 
await 
updateSession(request)
Building: Import map: 
aliased to relative './src/
lib/supabase/middleware' 
inside of [project]/
Building: https://nextjs.or
g/docs/messages/module-not-
found
Building: ./src/app/dashboa
rd/actions.ts:3:1
Building: Module not 
found: Can't resolve 
'@/lib/supabase/server'
Building: 1 | 'use server'
Building: 2 |
Building: > 3 | import { 
createClient } from 
'@/lib/supabase/server'
Building: | ^^^^^^^^^^^^^^^
^^^^^^^^^^^^^^^^^^^^^^^^^^^
^^^^^^^^^^
Building: 4 | import { 
revalidatePath } from 
'next/cache'
Building: 5 |
Building: 6 | export async 
function 
revokeVisitor(visitorId: 
string) {
Building: Import map: 
aliased to relative './src/
lib/supabase/server' 
inside of [project]/
Building: https://nextjs.or
g/docs/messages/module-not-
found
Building: ./src/app/dashboa
rd/invite/actions.ts:3:1
Building: Module not 
found: Can't resolve 
'@/lib/supabase/server'
Building: 1 | 'use server'
Building: 2 |
Building: > 3 | import { 
createClient } from 
'@/lib/supabase/server'
Building: | ^^^^^^^^^^^^^^^
^^^^^^^^^^^^^^^^^^^^^^^^^^^
^^^^^^^^^^
Building: 4 | import { 
revalidatePath } from 
'next/cache'
Building: 5 | import { 
redirect } from 
'next/navigation'
Building: 6 |
Building: Import map: 
aliased to relative './src/
lib/supabase/server' 
inside of [project]/
Building: https://nextjs.or
g/docs/messages/module-not-
found
Building: ./src/app/dashboa
rd/page.tsx:1:1
Building: Module not 
found: Can't resolve 
'@/lib/supabase/server'
Building: > 1 | import { 
createClient } from 
'@/lib/supabase/server'
Building: | ^^^^^^^^^^^^^^^
^^^^^^^^^^^^^^^^^^^^^^^^^^^
^^^^^^^^^^
Building: 2 | import { 
PlusCircle, Search, Car } 
from 'lucide-react'
Building: 3 | import Link 
from 'next/link'
Building: 4 | import { 
QRCodeDisplay } from '@/com
ponents/QRCodeDisplay'
Building: Import map: 
aliased to relative './src/
lib/supabase/server' 
inside of [project]/
Building: https://nextjs.or
g/docs/messages/module-not-
found
Building: ./src/app/guard/d
irectory/page.tsx:1:1
Building: Module not 
found: Can't resolve 
'@/lib/supabase/server'
Building: > 1 | import { 
createClient } from 
'@/lib/supabase/server'
Building: | ^^^^^^^^^^^^^^^
^^^^^^^^^^^^^^^^^^^^^^^^^^^
^^^^^^^^^^
Building: 2 | import { 
PhoneCall, Search, Hash, 
Building2 } from 
'lucide-react'
Building: 3 |
Building: 4 | export 
default async function 
GuardDirectoryPage() {
Building: Import map: 
aliased to relative './src/
lib/supabase/server' 
inside of [project]/
Building: https://nextjs.or
g/docs/messages/module-not-
found
Building: ./src/app/guard/p
arking/page.tsx:1:1
Building: Module not 
found: Can't resolve 
'@/lib/supabase/server'
Building: > 1 | import { 
createClient } from 
'@/lib/supabase/server'
Building: | ^^^^^^^^^^^^^^^
^^^^^^^^^^^^^^^^^^^^^^^^^^^
^^^^^^^^^^
Building: 2 | import { 
CarFront, Clock, User, 
Hash } from 'lucide-react'
Building: 3 |
Building: 4 | export 
default async function 
GuardParkingPage() {
Building: Import map: 
aliased to relative './src/
lib/supabase/server' 
inside of [project]/
Building: https://nextjs.or
g/docs/messages/module-not-
found
Building: ./src/app/guest/[
id]/page.tsx:1:1
Building: Module not 
found: Can't resolve 
'@/lib/supabase/server'
Building: > 1 | import { 
createClient } from 
'@/lib/supabase/server'
Building: | ^^^^^^^^^^^^^^^
^^^^^^^^^^^^^^^^^^^^^^^^^^^
^^^^^^^^^^
Building: 2 | import { 
notFound } from 
'next/navigation'
Building: 3 | import { 
QRCodeDisplay } from '@/com
ponents/QRCodeDisplay'
Building: 4 | import { 
GuestAdBanner } from '@/com
ponents/GuestAdBanner'
Building: Import map: 
aliased to relative './src/
lib/supabase/server' 
inside of [project]/
Building: https://nextjs.or
g/docs/messages/module-not-
found
Building: ./src/app/login/a
ctions.ts:5:1
Building: Module not 
found: Can't resolve 
'@/lib/supabase/server'
Building: 3 | import { 
revalidatePath } from 
'next/cache'
Building: 4 | import { 
redirect } from 
'next/navigation'
Building: > 5 | import { 
createClient } from 
'@/lib/supabase/server'
Building: | ^^^^^^^^^^^^^^^
^^^^^^^^^^^^^^^^^^^^^^^^^^^
^^^^^^^^^^
Building: 6 |
Building: 7 | export async 
function login(formData: 
FormData) {
Building: 8 |     const 
supabase = await 
createClient()
Building: Import map: 
aliased to relative './src/
lib/supabase/server' 
inside of [project]/
Building: https://nextjs.or
g/docs/messages/module-not-
found
Building: ./src/app/super-a
dmin/announcements/page.tsx
:1:1
Building: Module not 
found: Can't resolve 
'@/lib/supabase/server'
Building: > 1 | import { 
createClient } from 
'@/lib/supabase/server'
Building: | ^^^^^^^^^^^^^^^
^^^^^^^^^^^^^^^^^^^^^^^^^^^
^^^^^^^^^^
Building: 2 | import { 
Megaphone, Send, Clock, 
Trash2 } from 
'lucide-react'
Building: 3 | import { 
revalidatePath } from 
'next/cache'
Building: Error: Command 
"npm run build" exited 
with 1
2026-02-27T01:11:14.985Z  
Running build in 
Washington, D.C., USA 
(East) ΓÇô iad1
2026-02-27T01:11:14.986Z  
Build machine 
configuration: 2 cores, 8 
GB
2026-02-27T01:11:15.126Z  
Retrieving list of 
deployment files...
2026-02-27T01:11:15.590Z  
Downloading 130 deployment 
files...
2026-02-27T01:11:17.642Z  
Restored build cache from 
previous deployment (7M74JT
LQWXfHPi7J9HT1Hnjjaoi4)
2026-02-27T01:11:18.420Z  
Running "vercel build"
2026-02-27T01:11:19.010Z  
Vercel CLI 50.23.2
2026-02-27T01:11:19.333Z  
Installing dependencies...
2026-02-27T01:11:21.812Z  
2026-02-27T01:11:21.813Z  
added 1 package in 2s
2026-02-27T01:11:21.814Z  
2026-02-27T01:11:21.814Z  
150 packages are looking 
for funding
2026-02-27T01:11:21.815Z  
run `npm fund` for details
2026-02-27T01:11:21.848Z  
Detected Next.js version: 
16.1.6
2026-02-27T01:11:21.853Z  
Running "npm run build"
2026-02-27T01:11:21.950Z  
2026-02-27T01:11:21.950Z  
> nexus-vercel@0.1.0 build
2026-02-27T01:11:21.950Z  
> next build
2026-02-27T01:11:21.950Z  
2026-02-27T01:11:22.680Z  
ΓÜá `eslint` configuration 
in next.config.js is no 
longer supported. See more 
info here: https://nextjs.o
rg/docs/app/api-reference/c
li/next#next-lint-options
2026-02-27T01:11:22.685Z  
ΓÜá Invalid next.config.js 
options detected:
2026-02-27T01:11:22.686Z  
ΓÜá     Unrecognized 
key(s) in object: 'eslint'
2026-02-27T01:11:22.686Z  
ΓÜá See more info here: htt
ps://nextjs.org/docs/messag
es/invalid-next-config
2026-02-27T01:11:22.746Z  
Γû▓ Next.js 16.1.6 
(Turbopack)
2026-02-27T01:11:22.747Z  
2026-02-27T01:11:22.755Z  
ΓÜá The "middleware" file 
convention is deprecated. 
Please use "proxy" 
instead. Learn more: https:
//nextjs.org/docs/messages/
middleware-to-proxy
2026-02-27T01:11:22.781Z  
Creating an optimized 
production build ...
2026-02-27T01:11:32.502Z  
2026-02-27T01:11:32.504Z  
> Build error occurred
2026-02-27T01:11:32.508Z  
Error: Turbopack build 
failed with 14 errors:
2026-02-27T01:11:32.509Z  .
/src/components/GuardSideba
r.tsx:12:1
2026-02-27T01:11:32.509Z  
Module not found: Can't 
resolve 
'@/lib/supabase/client'
2026-02-27T01:11:32.509Z  
10 |     ShieldCheck
2026-02-27T01:11:32.509Z  
11 | } from 'lucide-react'
2026-02-27T01:11:32.510Z  
> 12 | import { 
createClient } from 
'@/lib/supabase/client'
2026-02-27T01:11:32.510Z  
| ^^^^^^^^^^^^^^^^^^^^^^^^^
^^^^^^^^^^^^^^^^^^^^^^^^^^^
2026-02-27T01:11:32.510Z  
13 | import { useRouter } 
from 'next/navigation'
2026-02-27T01:11:32.510Z  
14 |
2026-02-27T01:11:32.511Z  
15 | const navItems = [
2026-02-27T01:11:32.511Z  
2026-02-27T01:11:32.511Z  
Import map: aliased to 
relative './src/lib/supabas
e/client' inside of 
[project]/
2026-02-27T01:11:32.511Z  
2026-02-27T01:11:32.511Z  
2026-02-27T01:11:32.511Z  
Import trace:
2026-02-27T01:11:32.511Z  
Server Component:
2026-02-27T01:11:32.511Z  .
/src/components/GuardSideba
r.tsx
2026-02-27T01:11:32.511Z  
./src/app/guard/layout.tsx
2026-02-27T01:11:32.511Z  
2026-02-27T01:11:32.511Z  h
ttps://nextjs.org/docs/mess
ages/module-not-found
2026-02-27T01:11:32.511Z  
2026-02-27T01:11:32.511Z  
2026-02-27T01:11:32.511Z  .
/src/components/Sidebar.tsx
:6:1
2026-02-27T01:11:32.511Z  
Module not found: Can't 
resolve 
'@/lib/supabase/client'
2026-02-27T01:11:32.511Z  
4 | import { usePathname } 
from 'next/navigation'
2026-02-27T01:11:32.511Z  
5 | import { Users, 
PlusCircle, LogOut, 
SmartphoneNfc } from 
'lucide-react'
2026-02-27T01:11:32.511Z  
> 6 | import { 
createClient } from 
'@/lib/supabase/client'
2026-02-27T01:11:32.512Z  
| ^^^^^^^^^^^^^^^^^^^^^^^^^
^^^^^^^^^^^^^^^^^^^^^^^^^^^
2026-02-27T01:11:32.514Z  
7 | import { useRouter } 
from 'next/navigation'
2026-02-27T01:11:32.514Z  
8 | import Image from 
'next/image'
2026-02-27T01:11:32.514Z  
9 |
2026-02-27T01:11:32.515Z  
2026-02-27T01:11:32.515Z  
Import map: aliased to 
relative './src/lib/supabas
e/client' inside of 
[project]/
2026-02-27T01:11:32.515Z  
2026-02-27T01:11:32.515Z  
2026-02-27T01:11:32.515Z  
Import trace:
2026-02-27T01:11:32.515Z  
Server Component:
2026-02-27T01:11:32.515Z  .
/src/components/Sidebar.tsx
2026-02-27T01:11:32.515Z  .
/src/app/dashboard/layout.t
sx
2026-02-27T01:11:32.515Z  
2026-02-27T01:11:32.515Z  h
ttps://nextjs.org/docs/mess
ages/module-not-found
2026-02-27T01:11:32.515Z  
2026-02-27T01:11:32.515Z  
2026-02-27T01:11:32.516Z  .
/src/components/SuperAdminS
idebar.tsx:6:1
2026-02-27T01:11:32.516Z  
Module not found: Can't 
resolve 
'@/lib/supabase/client'
2026-02-27T01:11:32.516Z  
4 | import { usePathname } 
from 'next/navigation'
2026-02-27T01:11:32.516Z  
5 | import { ShieldCheck, 
Activity, Building, 
ScrollText, Megaphone, 
LogOut } from 
'lucide-react'
2026-02-27T01:11:32.516Z  
> 6 | import { 
createClient } from 
'@/lib/supabase/client'
2026-02-27T01:11:32.516Z  
| ^^^^^^^^^^^^^^^^^^^^^^^^^
^^^^^^^^^^^^^^^^^^^^^^^^^^^
2026-02-27T01:11:32.516Z  
7 | import { useRouter } 
from 'next/navigation'
2026-02-27T01:11:32.516Z  
8 |
2026-02-27T01:11:32.516Z  
9 | export function 
SuperAdminSidebar() {
2026-02-27T01:11:32.516Z  
2026-02-27T01:11:32.516Z  
Import map: aliased to 
relative './src/lib/supabas
e/client' inside of 
[project]/
2026-02-27T01:11:32.516Z  
2026-02-27T01:11:32.516Z  
2026-02-27T01:11:32.516Z  
Import trace:
2026-02-27T01:11:32.516Z  
Server Component:
2026-02-27T01:11:32.517Z  .
/src/components/SuperAdminS
idebar.tsx
2026-02-27T01:11:32.517Z  .
/src/app/super-admin/layout
.tsx
2026-02-27T01:11:32.517Z  
2026-02-27T01:11:32.517Z  h
ttps://nextjs.org/docs/mess
ages/module-not-found
2026-02-27T01:11:32.517Z  
2026-02-27T01:11:32.517Z  
2026-02-27T01:11:32.517Z  
./src/middleware.ts:2:1
2026-02-27T01:11:32.517Z  
Module not found: Can't 
resolve 
'@/lib/supabase/middleware'
2026-02-27T01:11:32.517Z  
1 | import { type 
NextRequest } from 
'next/server'
2026-02-27T01:11:32.517Z  
> 2 | import { 
updateSession } from 
'@/lib/supabase/middleware'
2026-02-27T01:11:32.517Z  
| ^^^^^^^^^^^^^^^^^^^^^^^^^
^^^^^^^^^^^^^^^^^^^^^^^^^^^
^^^^^
2026-02-27T01:11:32.517Z  
3 |
2026-02-27T01:11:32.517Z  
4 | export async function 
middleware(request: 
NextRequest) {
2026-02-27T01:11:32.517Z  
5 |     return await 
updateSession(request)
2026-02-27T01:11:32.517Z  
2026-02-27T01:11:32.517Z  
Import map: aliased to 
relative './src/lib/supabas
e/middleware' inside of 
[project]/
2026-02-27T01:11:32.517Z  
2026-02-27T01:11:32.517Z  
2026-02-27T01:11:32.517Z  h
ttps://nextjs.org/docs/mess
ages/module-not-found
2026-02-27T01:11:32.518Z  
2026-02-27T01:11:32.518Z  
2026-02-27T01:11:32.518Z  .
/src/app/dashboard/actions.
ts:3:1
2026-02-27T01:11:32.518Z  
Module not found: Can't 
resolve 
'@/lib/supabase/server'
2026-02-27T01:11:32.518Z  
1 | 'use server'
2026-02-27T01:11:32.518Z  
2 |
2026-02-27T01:11:32.518Z  
> 3 | import { 
createClient } from 
'@/lib/supabase/server'
2026-02-27T01:11:32.518Z  
| ^^^^^^^^^^^^^^^^^^^^^^^^^
^^^^^^^^^^^^^^^^^^^^^^^^^^^
2026-02-27T01:11:32.518Z  
4 | import { 
revalidatePath } from 
'next/cache'
2026-02-27T01:11:32.518Z  
5 |
2026-02-27T01:11:32.518Z  
6 | export async function 
revokeVisitor(visitorId: 
string) {
2026-02-27T01:11:32.518Z  
2026-02-27T01:11:32.518Z  
Import map: aliased to 
relative './src/lib/supabas
e/server' inside of 
[project]/
2026-02-27T01:11:32.518Z  
2026-02-27T01:11:32.519Z  
2026-02-27T01:11:32.519Z  h
ttps://nextjs.org/docs/mess
ages/module-not-found
2026-02-27T01:11:32.519Z  
2026-02-27T01:11:32.519Z  
2026-02-27T01:11:32.519Z  .
/src/app/dashboard/invite/a
ctions.ts:3:1
2026-02-27T01:11:32.519Z  
Module not found: Can't 
resolve 
'@/lib/supabase/server'
2026-02-27T01:11:32.519Z  
1 | 'use server'
2026-02-27T01:11:32.519Z  
2 |
2026-02-27T01:11:32.519Z  
> 3 | import { 
createClient } from 
'@/lib/supabase/server'
2026-02-27T01:11:32.519Z  
| ^^^^^^^^^^^^^^^^^^^^^^^^^
^^^^^^^^^^^^^^^^^^^^^^^^^^^
2026-02-27T01:11:32.519Z  
4 | import { 
revalidatePath } from 
'next/cache'
2026-02-27T01:11:32.519Z  
5 | import { redirect } 
from 'next/navigation'
2026-02-27T01:11:32.519Z  
6 |
2026-02-27T01:11:32.519Z  
2026-02-27T01:11:32.519Z  
Import map: aliased to 
relative './src/lib/supabas
e/server' inside of 
[project]/
2026-02-27T01:11:32.519Z  
2026-02-27T01:11:32.519Z  
2026-02-27T01:11:32.519Z  h
ttps://nextjs.org/docs/mess
ages/module-not-found
2026-02-27T01:11:32.520Z  
2026-02-27T01:11:32.520Z  
2026-02-27T01:11:32.520Z  .
/src/app/dashboard/page.tsx
:1:1
2026-02-27T01:11:32.520Z  
Module not found: Can't 
resolve 
'@/lib/supabase/server'
2026-02-27T01:11:32.520Z  
> 1 | import { 
createClient } from 
'@/lib/supabase/server'
2026-02-27T01:11:32.520Z  
| ^^^^^^^^^^^^^^^^^^^^^^^^^
^^^^^^^^^^^^^^^^^^^^^^^^^^^
2026-02-27T01:11:32.520Z  
2 | import { PlusCircle, 
Search, Car } from 
'lucide-react'
2026-02-27T01:11:32.520Z  
3 | import Link from 
'next/link'
2026-02-27T01:11:32.520Z  
4 | import { QRCodeDisplay 
} from '@/components/QRCode
Display'
2026-02-27T01:11:32.520Z  
2026-02-27T01:11:32.520Z  
Import map: aliased to 
relative './src/lib/supabas
e/server' inside of 
[project]/
2026-02-27T01:11:32.520Z  
2026-02-27T01:11:32.520Z  
2026-02-27T01:11:32.520Z  h
ttps://nextjs.org/docs/mess
ages/module-not-found
2026-02-27T01:11:32.520Z  
2026-02-27T01:11:32.520Z  
2026-02-27T01:11:32.520Z  .
/src/app/guard/directory/pa
ge.tsx:1:1
2026-02-27T01:11:32.520Z  
Module not found: Can't 
resolve 
'@/lib/supabase/server'
2026-02-27T01:11:32.520Z  
> 1 | import { 
createClient } from 
'@/lib/supabase/server'
2026-02-27T01:11:32.520Z  
| ^^^^^^^^^^^^^^^^^^^^^^^^^
^^^^^^^^^^^^^^^^^^^^^^^^^^^
2026-02-27T01:11:32.520Z  
2 | import { PhoneCall, 
Search, Hash, Building2 } 
from 'lucide-react'
2026-02-27T01:11:32.520Z  
3 |
2026-02-27T01:11:32.520Z  
4 | export default async 
function 
GuardDirectoryPage() {
2026-02-27T01:11:32.521Z  
2026-02-27T01:11:32.521Z  
Import map: aliased to 
relative './src/lib/supabas
e/server' inside of 
[project]/
2026-02-27T01:11:32.521Z  
2026-02-27T01:11:32.521Z  
2026-02-27T01:11:32.521Z  h
ttps://nextjs.org/docs/mess
ages/module-not-found
2026-02-27T01:11:32.521Z  
2026-02-27T01:11:32.521Z  
2026-02-27T01:11:32.521Z  .
/src/app/guard/parking/page
.tsx:1:1
2026-02-27T01:11:32.521Z  
Module not found: Can't 
resolve 
'@/lib/supabase/server'
2026-02-27T01:11:32.521Z  
> 1 | import { 
createClient } from 
'@/lib/supabase/server'
2026-02-27T01:11:32.521Z  
| ^^^^^^^^^^^^^^^^^^^^^^^^^
^^^^^^^^^^^^^^^^^^^^^^^^^^^
2026-02-27T01:11:32.521Z  
2 | import { CarFront, 
Clock, User, Hash } from 
'lucide-react'
2026-02-27T01:11:32.521Z  
3 |
2026-02-27T01:11:32.521Z  
4 | export default async 
function 
GuardParkingPage() {
2026-02-27T01:11:32.521Z  
2026-02-27T01:11:32.521Z  
Import map: aliased to 
relative './src/lib/supabas
e/server' inside of 
[project]/
2026-02-27T01:11:32.521Z  
2026-02-27T01:11:32.521Z  
2026-02-27T01:11:32.521Z  h
ttps://nextjs.org/docs/mess
ages/module-not-found
2026-02-27T01:11:32.521Z  
2026-02-27T01:11:32.521Z  
2026-02-27T01:11:32.521Z  .
/src/app/guest/[id]/page.ts
x:1:1
2026-02-27T01:11:32.521Z  
Module not found: Can't 
resolve 
'@/lib/supabase/server'
2026-02-27T01:11:32.521Z  
> 1 | import { 
createClient } from 
'@/lib/supabase/server'
2026-02-27T01:11:32.521Z  
| ^^^^^^^^^^^^^^^^^^^^^^^^^
^^^^^^^^^^^^^^^^^^^^^^^^^^^
2026-02-27T01:11:32.521Z  
2 | import { notFound } 
from 'next/navigation'
2026-02-27T01:11:32.521Z  
3 | import { QRCodeDisplay 
} from '@/components/QRCode
Display'
2026-02-27T01:11:32.521Z  
4 | import { GuestAdBanner 
} from '@/components/GuestA
dBanner'
2026-02-27T01:11:32.521Z  
2026-02-27T01:11:32.521Z  
Import map: aliased to 
relative './src/lib/supabas
e/server' inside of 
[project]/
2026-02-27T01:11:32.521Z  
2026-02-27T01:11:32.521Z  
2026-02-27T01:11:32.522Z  h
ttps://nextjs.org/docs/mess
ages/module-not-found
2026-02-27T01:11:32.522Z  
2026-02-27T01:11:32.522Z  
2026-02-27T01:11:32.522Z  .
/src/app/login/actions.ts:5
:1
2026-02-27T01:11:32.522Z  
Module not found: Can't 
resolve 
'@/lib/supabase/server'
2026-02-27T01:11:32.522Z  
3 | import { 
revalidatePath } from 
'next/cache'
2026-02-27T01:11:32.522Z  
4 | import { redirect } 
from 'next/navigation'
2026-02-27T01:11:32.522Z  
> 5 | import { 
createClient } from 
'@/lib/supabase/server'
2026-02-27T01:11:32.522Z  
| ^^^^^^^^^^^^^^^^^^^^^^^^^
^^^^^^^^^^^^^^^^^^^^^^^^^^^
2026-02-27T01:11:32.522Z  
6 |
2026-02-27T01:11:32.522Z  
7 | export async function 
login(formData: FormData) {
2026-02-27T01:11:32.522Z  
8 |     const supabase = 
await createClient()
2026-02-27T01:11:32.522Z  
2026-02-27T01:11:32.522Z  
Import map: aliased to 
relative './src/lib/supabas
e/server' inside of 
[project]/
2026-02-27T01:11:32.522Z  
2026-02-27T01:11:32.522Z  
2026-02-27T01:11:32.522Z  h
ttps://nextjs.org/docs/mess
ages/module-not-found
2026-02-27T01:11:32.522Z  
2026-02-27T01:11:32.522Z  
2026-02-27T01:11:32.522Z  .
/src/app/super-admin/announ
cements/page.tsx:1:1
2026-02-27T01:11:32.522Z  
Module not found: Can't 
resolve 
'@/lib/supabase/server'
2026-02-27T01:11:32.522Z  
> 1 | import { 
createClient } from 
'@/lib/supabase/server'
2026-02-27T01:11:32.522Z  
| ^^^^^^^^^^^^^^^^^^^^^^^^^
^^^^^^^^^^^^^^^^^^^^^^^^^^^
2026-02-27T01:11:32.522Z  
2 | import { Megaphone, 
Send, Clock, Trash2 } from 
'lucide-react'
2026-02-27T01:11:32.522Z  
3 | import { 
revalidatePath } from 
'next/cache'
2026-02-27T01:11:32.580Z  
Error: Command "npm run 
build" exited with 1
https://nexus-vercel-3n4meq1jw-kyles-projects-1a3e7e0d.vercel.app
