node.exe : Vercel CLI 50.15.1
At line:1 char:1
+ & "C:\Program Files\nodejs/node.exe" "C:\Users\User\AppData\Roaming\n ...
+ ~~~~~~~~~~~~~~~~~~~~~~~~~~~~~~~~~~~~~~~~~~~~~~~~~~~~~~~~~~~~~~~~~~~~~
    + CategoryInfo          : NotSpecified: (Vercel CLI 50.15.1:String) [], RemoteException
    + FullyQualifiedErrorId : NativeCommandError
 
Retrieving projectΓÇª
Deploying kyles-projects-1a3e7e0d/nexus-vercel
Uploading [--------------------] (0.0B/81.4KB)
Uploading [=======-------------] (28.7KB/81.4KB)
Uploading [==========----------] (44.7KB/81.4KB)
Uploading [================----] (67.7KB/81.4KB)
Uploading [====================] (81.4KB/81.4KB)
Inspect: https://vercel.com/kyles-projects-1a3e7e0d/nexus-vercel/EfZojMFNixVVzSBwYxkarDHUCX2n [8s]
Production: https://nexus-vercel-mhpdlmsoc-kyles-projects-1a3e7e0d.vercel.app [8s]
Building...
Building...
Building: Running build in Washington, D.C., USA (East) ΓÇô iad1
Building: Build machine configuration: 2 cores, 8 GB
Building: Retrieving list of deployment files...
Building: Downloading 94 deployment files...
Building: Restored build cache from previous deployment (7M74JTLQWXfHPi7J9HT1Hnjjaoi4)
Building: Running "vercel build"
Building: Vercel CLI 50.23.2
Building: Installing dependencies...
Building: added 1 package in 2s
Building: 150 packages are looking for funding
Building: run `npm fund` for details
Building: Detected Next.js version: 16.1.6
Building: Running "npm run build"
Building: > nexus-vercel@0.1.0 build
Building: > next build
Building: ΓÜá `eslint` configuration in next.config.js is no longer supported. See more info here: 
https://nextjs.org/docs/app/api-reference/cli/next#next-lint-options
Building: ΓÜá Invalid next.config.js options detected:
Building: ΓÜá     Unrecognized key(s) in object: 'eslint'
Building: ΓÜá See more info here: https://nextjs.org/docs/messages/invalid-next-config
Building: Γû▓ Next.js 16.1.6 (Turbopack)
Building: ΓÜá The "middleware" file convention is deprecated. Please use "proxy" instead. Learn more: 
https://nextjs.org/docs/messages/middleware-to-proxy
Building: Creating an optimized production build ...
Building: Γ£ô Compiled successfully in 9.1s
Building: Skipping validation of types
Building: Collecting page data using 1 worker ...
Building: Generating static pages using 1 worker (0/17) ...
Building: Error occurred prerendering page "/dashboard/invite". Read more: 
https://nextjs.org/docs/messages/prerender-error
Building: Error: @supabase/ssr: Your project's URL and API key are required to create a Supabase client!
Building: Check your Supabase project's API settings to find these values
Building: https://supabase.com/dashboard/project/_/settings/api
Building: at <unknown> (https://supabase.com/dashboard/project/_/settings/api)
Building: at l (.next/server/chunks/ssr/[root-of-the-server]__99f8c208._.js:1:8232) {
Building: digest: '3145769398'
Building: }
Building: Export encountered an error on /dashboard/invite/page: /dashboard/invite, exiting the build.
Building: Γ¿» Next.js build worker exited with code: 1 and signal: null
Building: Error: Command "npm run build" exited with 1
Error: Command "npm run build" exited with 1
https://nexus-vercel-mhpdlmsoc-kyles-projects-1a3e7e0d.vercel.app
