node.exe : Vercel CLI 
50.15.1
At C:\Users\User\AppDat
a\Roaming\npm\vercel.ps
1:24 char:5
+     & "node$exe"  "$b
asedir/node_modules/ver
cel/dist/vc.js" $args
+     ~~~~~~~~~~~~~~~~~
~~~~~~~~~~~~~~~~~~~~~~~
~~~~~~~~~~~~~~~~~~~~~
    + CategoryInfo     
         : NotSpecifi  
  ed: (Vercel CLI 50   
 .15.1:String) [],     
RemoteException
    + FullyQualifiedEr 
   rorId : NativeComm  
  andError
 
Retrieving projectΓÇª
Deploying kyles-project
s-1a3e7e0d/gss-os
Uploading 
[--------------------] 
(0.0B/984B)
Uploading 
[====================] 
(984.0B/984B)
Inspect: https://vercel
.com/kyles-projects-1a3
e7e0d/gss-os/HRcxz5XoSH
bfnhYcyUfWfBZGtsET [5s]
Production: https://gss
-opskbyr1v-kyles-projec
ts-1a3e7e0d.vercel.app 
[5s]
Building...
Building...
Building: Running 
build in Washington, 
D.C., USA (East) ΓÇô 
iad1
Building: Build 
machine configuration: 
2 cores, 8 GB
Building: Retrieving 
list of deployment 
files...
Building: Previous 
build caches not 
available.
Building: Downloading 
32 deployment files...
Building: Running 
"vercel build"
Building: Vercel CLI 
50.23.2
Building: Installing 
dependencies...
Building: npm warn 
deprecated 
rimraf@3.0.2: Rimraf 
versions prior to v4 
are no longer supported
Building: npm warn 
deprecated 
inflight@1.0.6: This 
module is not 
supported, and leaks 
memory. Do not use it. 
Check out lru-cache if 
you want a good and 
tested way to coalesce 
async requests by a 
key value, which is 
much more 
comprehensive and 
powerful.
Building: npm warn 
deprecated glob@7.1.7: 
Glob versions prior to 
v9 are no longer 
supported
Building: npm warn 
deprecated @humanwhocod
es/config-array@0.13.0:
 Use 
@eslint/config-array 
instead
Building: npm warn 
deprecated @humanwhocod
es/object-schema@2.0.3:
 Use 
@eslint/object-schema 
instead
Building: npm warn 
deprecated 
eslint@8.57.1: This 
version is no longer 
supported. Please see h
ttps://eslint.org/versi
on-support for other 
options.
Building: npm warn 
deprecated 
next@14.0.4: This 
version has a security 
vulnerability. Please 
upgrade to a patched 
version. See https://ne
xtjs.org/blog/security-
update-2025-12-11 for 
more details.
Building: added 397 
packages in 10s
Building: 138 packages 
are looking for funding
Building: run `npm 
fund` for details
Building: Detected 
Next.js version: 14.0.4
Building: Running "npm 
run build"
Building: > 
gss-os@0.1.0 build
Building: > next build
Building: Attention: 
Next.js now collects 
completely anonymous 
telemetry regarding 
usage.
Building: This 
information is used to 
shape Next.js' roadmap 
and prioritize 
features.
Building: You can 
learn more, including 
how to opt-out if 
you'd not like to 
participate in this 
anonymous program, by 
visiting the following 
URL:
Building: https://nextj
s.org/telemetry
Building: Γû▓ Next.js 
14.0.4
Building: Creating an 
optimized production 
build ...
Building: Γ£ô Compiled 
successfully
Building: Skipping 
validation of types
Building: Skipping 
linting
Building: Collecting 
page data ...
Building: Error: 
supabaseUrl is 
required.
Building: at /vercel/pa
th0/.next/server/chunks
/950.js:37:47535
Building: at new rk (/v
ercel/path0/.next/serve
r/chunks/950.js:37:4778
6)
Building: at rS (/verce
l/path0/.next/server/ch
unks/950.js:37:51469)
Building: at 9983 (/ver
cel/path0/.next/server/
app/api/alarm-events/ro
ute.js:1:1701)
Building: at t (/vercel
/path0/.next/server/web
pack-runtime.js:1:127)
Building: at 4876 (/ver
cel/path0/.next/server/
app/api/alarm-events/ro
ute.js:1:446)
Building: at t (/vercel
/path0/.next/server/web
pack-runtime.js:1:127)
Building: at t (/vercel
/path0/.next/server/app
/api/alarm-events/route
.js:1:1770)
Building: at /vercel/pa
th0/.next/server/app/ap
i/alarm-events/route.js
:1:1805
Building: at t.X (/verc
el/path0/.next/server/w
ebpack-runtime.js:1:118
1)
Building: > Build 
error occurred
Building: Error: 
Failed to collect page 
data for 
/api/alarm-events
Building: at /vercel/pa
th0/node_modules/next/d
ist/build/utils.js:1220
:15
Building: at process.pr
ocessTicksAndRejections
 (node:internal/process
/task_queues:103:5) {
Building: type: 'Error'
Building: }
Building: Error: 
Command "npm run 
build" exited with 1
Error: Command "npm 
run build" exited with 
1
https://gss-opskbyr1v-kyles-projects-1a3e7e0d.vercel.app
