node.exe : Vercel CLI 50.15.1
At line:1 char:1
+ & "C:\Program Files\nodejs/node.exe" "C:\Users\User\AppData\Roaming\n ...
+ ~~~~~~~~~~~~~~~~~~~~~~~~~~~~~~~~~~~~~~~~~~~~~~~~~~~~~~~~~~~~~~~~~~~~~
    + CategoryInfo          : NotSpecified: (Vercel CLI 50.15.1:String) [], RemoteException
    + FullyQualifiedErrorId : NativeCommandError
 
Retrieving projectΓÇª
Deploying kyles-projects-1a3e7e0d/nexus-vercel
Uploading [--------------------] (0.0B/906.6KB)
Uploading [=====---------------] (234.9KB/906.6KB)
Uploading [==========----------] (458.9KB/906.6KB)
Uploading [===============-----] (682.9KB/906.6KB)
Uploading [====================] (906.6KB/906.6KB)
Inspect: https://vercel.com/kyles-projects-1a3e7e0d/nexus-vercel/EtzirFkEAJuLEArLYLd7PxXNRQm1 [13s]
Production: https://nexus-vercel-2ao4e43up-kyles-projects-1a3e7e0d.vercel.app [13s]
Building...
Building...
Building: Running build in Washington, D.C., USA (East) ΓÇô iad1
Building: Build machine configuration: 2 cores, 8 GB
Building: Retrieving list of deployment files...
Building: Downloading 108 deployment files...
Building: Restored build cache from previous deployment (5TuxM3hrHbM9wJ8VyHtfbf3P2w2S)
Building: Running "vercel build"
Building: Vercel CLI 50.23.2
Building: Installing dependencies...
Building: npm warn deprecated source-map@0.8.0-beta.0: The work that was done in this beta branch won't be included in 
future versions
Building: npm warn deprecated glob@10.5.0: Old versions of glob are not supported, and contain widely publicized 
security vulnerabilities, which have been fixed in the current version. Please update. Support for old versions may be 
purchased (at exorbitant rates) by contacting i@izs.me
Building: added 47 packages in 2s
Building: 163 packages are looking for funding
Building: run `npm fund` for details
Building: Detected Next.js version: 16.1.6
Building: Running "npm run build"
Building: > nexus-vercel@0.1.0 build
Building: > next build
Building: ΓÜá `eslint` configuration in next.config.js is no longer supported. See more info here: 
https://nextjs.org/docs/app/api-reference/cli/next#next-lint-options
Building: ΓÜá Invalid next.config.js options detected:
Building: ΓÜá     Unrecognized key(s) in object: 'eslint'
Building: ΓÜá See more info here: https://nextjs.org/docs/messages/invalid-next-config
Building: Γû▓ Next.js 16.1.6 (Turbopack)
Building: ΓÜá The "middleware" file convention is deprecated. Please use "proxy" instead. Learn more: 
https://nextjs.org/docs/messages/middleware-to-proxy
Building: Creating an optimized production build ...
Building: Γ£ô Compiled successfully in 10.1s
Building: Skipping validation of types
Building: Collecting page data using 1 worker ...
Building: Generating static pages using 1 worker (0/3) ...
Building: Γ£ô Generating static pages using 1 worker (3/3) in 71.9ms
Building: Finalizing page optimization ...
Building: Route (app)
Building: Γöî ╞Æ /
Building: Γö£ ╞Æ /_not-found
Building: Γö£ ╞Æ /api/cron/retry
Building: Γö£ ╞Æ /api/cron/revoke
Building: Γö£ ╞Æ /dashboard
Building: Γö£ ╞Æ /dashboard/invite
Building: Γö£ ╞Æ /dashboard/stid
Building: Γö£ ╞Æ /guard
Building: Γö£ ╞Æ /guard/directory
Building: Γö£ ╞Æ /guard/parking
Building: Γö£ ╞Æ /guest/[id]
Building: Γö£ ╞Æ /login
Building: Γö£ ╞Æ /super-admin
Building: Γö£ ╞Æ /super-admin/announcements
Building: Γö£ ╞Æ /super-admin/logs
Building: Γöö ╞Æ /super-admin/units
Building: ╞Æ Proxy (Middleware)
Building: ╞Æ  (Dynamic)  server-rendered on demand
Building: Traced Next.js server files in: 61.881ms
Building: Created all serverless functions in: 160.902ms
Building: Collected static files (public/, static/, .next/static): 3.396ms
Building: Build Completed in /vercel/output [15s]
Building: Deploying outputs...
[2K[1A[2K[GProduction: https://nexus-vercel-2ao4e43up-kyles-projects-1a3e7e0d.vercel.app [52s]
Completing...
Aliased: https://nexus-vercel-wine.vercel.app [52s]
https://nexus-vercel-2ao4e43up-kyles-projects-1a3e7e0d.vercel.app
