node.exe : Vercel CLI 50.15.1
At line:1 char:1
+ & "C:\Program Files\nodejs/node.exe" "C:\Users\User\AppData\Roaming\n ...
+ ~~~~~~~~~~~~~~~~~~~~~~~~~~~~~~~~~~~~~~~~~~~~~~~~~~~~~~~~~~~~~~~~~~~~~
    + CategoryInfo          : NotSpecified: (Vercel CLI 50.15.1:String) [], RemoteException
    + FullyQualifiedErrorId : NativeCommandError
 
Retrieving projectΓÇª
Deploying kyles-projects-1a3e7e0d/nexus-vercel
Uploading [--------------------] (0.0B/58.6KB)
Uploading [=====---------------] (16.0KB/58.6KB)
Uploading [==========----------] (32.0KB/58.6KB)
Uploading [================----] (48.0KB/58.6KB)
Uploading [====================] (58.6KB/58.6KB)
Inspect: https://vercel.com/kyles-projects-1a3e7e0d/nexus-vercel/5uDTZZXFmR6xYezH3TZaHqkFwbqE [6s]
Production: https://nexus-vercel-el3wbb667-kyles-projects-1a3e7e0d.vercel.app [6s]
Building...
Building...
Building: Running build in Washington, D.C., USA (East) ΓÇô iad1
Building: Build machine configuration: 2 cores, 8 GB
Building: Retrieving list of deployment files...
Building: Downloading 88 deployment files...
Building: Restored build cache from previous deployment (7M74JTLQWXfHPi7J9HT1Hnjjaoi4)
Building: Running "vercel build"
Building: Vercel CLI 50.23.2
Building: Installing dependencies...
Building: added 1 package in 2s
Building: 150 packages are looking for funding
Building: run `npm fund` for details
Building: Detected Next.js version: 16.1.6
Building: Running "npm run build"
Building: > nexus-vercel@0.1.0 build
Building: > next build
Building: ΓÜá `eslint` configuration in next.config.js is no longer supported. See more info here: 
https://nextjs.org/docs/app/api-reference/cli/next#next-lint-options
Building: ΓÜá Invalid next.config.js options detected:
Building: ΓÜá     Unrecognized key(s) in object: 'eslint'
Building: ΓÜá See more info here: https://nextjs.org/docs/messages/invalid-next-config
Building: Γû▓ Next.js 16.1.6 (Turbopack)
Building: ΓÜá The "middleware" file convention is deprecated. Please use "proxy" instead. Learn more: 
https://nextjs.org/docs/messages/middleware-to-proxy
Building: Creating an optimized production build ...
Building: > Build error occurred
Building: Error: Turbopack build failed with 14 errors:
Building: ./src/components/GuardSidebar.tsx:12:1
Building: Module not found: Can't resolve '@/lib/supabase/client'
Building: 10 |     ShieldCheck
Building: 11 | } from 'lucide-react'
Building: > 12 | import { createClient } from '@/lib/supabase/client'
Building: | ^^^^^^^^^^^^^^^^^^^^^^^^^^^^^^^^^^^^^^^^^^^^^^^^^^^^
Building: 13 | import { useRouter } from 'next/navigation'
Building: 14 |
Building: 15 | const navItems = [
Building: Import map: aliased to relative './src/lib/supabase/client' inside of [project]/
Building: Import trace:
Building: Server Component:
Building: ./src/components/GuardSidebar.tsx
Building: ./src/app/guard/layout.tsx
Building: https://nextjs.org/docs/messages/module-not-found
Building: ./src/components/Sidebar.tsx:6:1
Building: Module not found: Can't resolve '@/lib/supabase/client'
Building: 4 | import { usePathname } from 'next/navigation'
Building: 5 | import { Users, PlusCircle, LogOut, SmartphoneNfc } from 'lucide-react'
Building: > 6 | import { createClient } from '@/lib/supabase/client'
Building: | ^^^^^^^^^^^^^^^^^^^^^^^^^^^^^^^^^^^^^^^^^^^^^^^^^^^^
Building: 7 | import { useRouter } from 'next/navigation'
Building: 8 | import Image from 'next/image'
Building: 9 |
Building: Import map: aliased to relative './src/lib/supabase/client' inside of [project]/
Building: Import trace:
Building: Server Component:
Building: ./src/components/Sidebar.tsx
Building: ./src/app/dashboard/layout.tsx
Building: https://nextjs.org/docs/messages/module-not-found
Building: ./src/components/SuperAdminSidebar.tsx:6:1
Building: Module not found: Can't resolve '@/lib/supabase/client'
Building: 4 | import { usePathname } from 'next/navigation'
Building: 5 | import { ShieldCheck, Activity, Building, ScrollText, Megaphone, LogOut } from 'lucide-react'
Building: > 6 | import { createClient } from '@/lib/supabase/client'
Building: | ^^^^^^^^^^^^^^^^^^^^^^^^^^^^^^^^^^^^^^^^^^^^^^^^^^^^
Building: 7 | import { useRouter } from 'next/navigation'
Building: 8 |
Building: 9 | export function SuperAdminSidebar() {
Building: Import map: aliased to relative './src/lib/supabase/client' inside of [project]/
Building: Import trace:
Building: Server Component:
Building: ./src/components/SuperAdminSidebar.tsx
Building: ./src/app/super-admin/layout.tsx
Building: https://nextjs.org/docs/messages/module-not-found
Building: ./src/middleware.ts:2:1
Building: Module not found: Can't resolve '@/lib/supabase/middleware'
Building: 1 | import { type NextRequest } from 'next/server'
Building: > 2 | import { updateSession } from '@/lib/supabase/middleware'
Building: | ^^^^^^^^^^^^^^^^^^^^^^^^^^^^^^^^^^^^^^^^^^^^^^^^^^^^^^^^^
Building: 3 |
Building: 4 | export async function middleware(request: NextRequest) {
Building: 5 |     return await updateSession(request)
Building: Import map: aliased to relative './src/lib/supabase/middleware' inside of [project]/
Building: https://nextjs.org/docs/messages/module-not-found
Building: ./src/app/dashboard/actions.ts:3:1
Building: Module not found: Can't resolve '@/lib/supabase/server'
Building: 1 | 'use server'
Building: 2 |
Building: > 3 | import { createClient } from '@/lib/supabase/server'
Building: | ^^^^^^^^^^^^^^^^^^^^^^^^^^^^^^^^^^^^^^^^^^^^^^^^^^^^
Building: 4 | import { revalidatePath } from 'next/cache'
2026-02-27T10:14:03.975Z  Running build in Washington, D.C., USA (East) ΓÇô iad1
2026-02-27T10:14:03.976Z  Build machine configuration: 2 cores, 8 GB
2026-02-27T10:14:04.101Z  Retrieving list of deployment files...
2026-02-27T10:14:04.671Z  Downloading 88 deployment files...
2026-02-27T10:14:06.184Z  Restored build cache from previous deployment (7M74JTLQWXfHPi7J9HT1Hnjjaoi4)
2026-02-27T10:14:07.275Z  Running "vercel build"
2026-02-27T10:14:07.890Z  Vercel CLI 50.23.2
2026-02-27T10:14:08.190Z  Installing dependencies...
2026-02-27T10:14:10.729Z  
2026-02-27T10:14:10.731Z  added 1 package in 2s
2026-02-27T10:14:10.731Z  
2026-02-27T10:14:10.732Z  150 packages are looking for funding
2026-02-27T10:14:10.732Z  run `npm fund` for details
2026-02-27T10:14:10.767Z  Detected Next.js version: 16.1.6
2026-02-27T10:14:10.771Z  Running "npm run build"
2026-02-27T10:14:10.869Z  
2026-02-27T10:14:10.869Z  > nexus-vercel@0.1.0 build
2026-02-27T10:14:10.869Z  > next build
2026-02-27T10:14:10.870Z  
2026-02-27T10:14:11.629Z  ΓÜá `eslint` configuration in next.config.js is no longer supported. See more info here: 
https://nextjs.org/docs/app/api-reference/cli/next#next-lint-options
2026-02-27T10:14:11.635Z  ΓÜá Invalid next.config.js options detected:
2026-02-27T10:14:11.636Z  ΓÜá     Unrecognized key(s) in object: 'eslint'
2026-02-27T10:14:11.636Z  ΓÜá See more info here: https://nextjs.org/docs/messages/invalid-next-config
2026-02-27T10:14:11.698Z  Γû▓ Next.js 16.1.6 (Turbopack)
2026-02-27T10:14:11.699Z  
2026-02-27T10:14:11.703Z  ΓÜá The "middleware" file convention is deprecated. Please use "proxy" instead. Learn more: 
https://nextjs.org/docs/messages/middleware-to-proxy
2026-02-27T10:14:11.732Z  Creating an optimized production build ...
2026-02-27T10:14:21.499Z  
2026-02-27T10:14:21.500Z  > Build error occurred
2026-02-27T10:14:21.505Z  Error: Turbopack build failed with 14 errors:
2026-02-27T10:14:21.505Z  ./src/components/GuardSidebar.tsx:12:1
2026-02-27T10:14:21.506Z  Module not found: Can't resolve '@/lib/supabase/client'
2026-02-27T10:14:21.506Z  10 |     ShieldCheck
2026-02-27T10:14:21.506Z  11 | } from 'lucide-react'
2026-02-27T10:14:21.507Z  > 12 | import { createClient } from '@/lib/supabase/client'
2026-02-27T10:14:21.507Z  | ^^^^^^^^^^^^^^^^^^^^^^^^^^^^^^^^^^^^^^^^^^^^^^^^^^^^
2026-02-27T10:14:21.508Z  13 | import { useRouter } from 'next/navigation'
2026-02-27T10:14:21.509Z  14 |
2026-02-27T10:14:21.509Z  15 | const navItems = [
2026-02-27T10:14:21.509Z  
2026-02-27T10:14:21.510Z  Import map: aliased to relative './src/lib/supabase/client' inside of [project]/
2026-02-27T10:14:21.510Z  
2026-02-27T10:14:21.510Z  
2026-02-27T10:14:21.510Z  Import trace:
2026-02-27T10:14:21.510Z  Server Component:
2026-02-27T10:14:21.511Z  ./src/components/GuardSidebar.tsx
2026-02-27T10:14:21.511Z  ./src/app/guard/layout.tsx
2026-02-27T10:14:21.511Z  
2026-02-27T10:14:21.512Z  https://nextjs.org/docs/messages/module-not-found
2026-02-27T10:14:21.512Z  
2026-02-27T10:14:21.512Z  
2026-02-27T10:14:21.513Z  ./src/components/Sidebar.tsx:6:1
2026-02-27T10:14:21.513Z  Module not found: Can't resolve '@/lib/supabase/client'
2026-02-27T10:14:21.513Z  4 | import { usePathname } from 'next/navigation'
2026-02-27T10:14:21.514Z  5 | import { Users, PlusCircle, LogOut, SmartphoneNfc } from 'lucide-react'
2026-02-27T10:14:21.514Z  > 6 | import { createClient } from '@/lib/supabase/client'
2026-02-27T10:14:21.515Z  | ^^^^^^^^^^^^^^^^^^^^^^^^^^^^^^^^^^^^^^^^^^^^^^^^^^^^
2026-02-27T10:14:21.516Z  7 | import { useRouter } from 'next/navigation'
2026-02-27T10:14:21.516Z  8 | import Image from 'next/image'
2026-02-27T10:14:21.516Z  9 |
2026-02-27T10:14:21.517Z  
2026-02-27T10:14:21.517Z  Import map: aliased to relative './src/lib/supabase/client' inside of [project]/
2026-02-27T10:14:21.517Z  
2026-02-27T10:14:21.518Z  
2026-02-27T10:14:21.518Z  Import trace:
2026-02-27T10:14:21.519Z  Server Component:
2026-02-27T10:14:21.519Z  ./src/components/Sidebar.tsx
2026-02-27T10:14:21.519Z  ./src/app/dashboard/layout.tsx
2026-02-27T10:14:21.519Z  
2026-02-27T10:14:21.520Z  https://nextjs.org/docs/messages/module-not-found
2026-02-27T10:14:21.520Z  
2026-02-27T10:14:21.520Z  
2026-02-27T10:14:21.521Z  ./src/components/SuperAdminSidebar.tsx:6:1
2026-02-27T10:14:21.521Z  Module not found: Can't resolve '@/lib/supabase/client'
2026-02-27T10:14:21.521Z  4 | import { usePathname } from 'next/navigation'
2026-02-27T10:14:21.522Z  5 | import { ShieldCheck, Activity, Building, ScrollText, Megaphone, LogOut } from 
'lucide-react'
2026-02-27T10:14:21.522Z  > 6 | import { createClient } from '@/lib/supabase/client'
2026-02-27T10:14:21.522Z  | ^^^^^^^^^^^^^^^^^^^^^^^^^^^^^^^^^^^^^^^^^^^^^^^^^^^^
2026-02-27T10:14:21.523Z  7 | import { useRouter } from 'next/navigation'
2026-02-27T10:14:21.523Z  8 |
2026-02-27T10:14:21.524Z  9 | export function SuperAdminSidebar() {
2026-02-27T10:14:21.524Z  
2026-02-27T10:14:21.524Z  Import map: aliased to relative './src/lib/supabase/client' inside of [project]/
2026-02-27T10:14:21.525Z  
2026-02-27T10:14:21.525Z  
2026-02-27T10:14:21.525Z  Import trace:
2026-02-27T10:14:21.526Z  Server Component:
2026-02-27T10:14:21.526Z  ./src/components/SuperAdminSidebar.tsx
2026-02-27T10:14:21.526Z  ./src/app/super-admin/layout.tsx
2026-02-27T10:14:21.527Z  
2026-02-27T10:14:21.527Z  https://nextjs.org/docs/messages/module-not-found
2026-02-27T10:14:21.528Z  
2026-02-27T10:14:21.528Z  
2026-02-27T10:14:21.528Z  ./src/middleware.ts:2:1
2026-02-27T10:14:21.529Z  Module not found: Can't resolve '@/lib/supabase/middleware'
2026-02-27T10:14:21.529Z  1 | import { type NextRequest } from 'next/server'
2026-02-27T10:14:21.529Z  > 2 | import { updateSession } from '@/lib/supabase/middleware'
2026-02-27T10:14:21.530Z  | ^^^^^^^^^^^^^^^^^^^^^^^^^^^^^^^^^^^^^^^^^^^^^^^^^^^^^^^^^
2026-02-27T10:14:21.530Z  3 |
2026-02-27T10:14:21.531Z  4 | export async function middleware(request: NextRequest) {
2026-02-27T10:14:21.531Z  5 |     return await updateSession(request)
2026-02-27T10:14:21.531Z  
2026-02-27T10:14:21.532Z  Import map: aliased to relative './src/lib/supabase/middleware' inside of [project]/
2026-02-27T10:14:21.532Z  
2026-02-27T10:14:21.532Z  
2026-02-27T10:14:21.533Z  https://nextjs.org/docs/messages/module-not-found
2026-02-27T10:14:21.533Z  
2026-02-27T10:14:21.533Z  
2026-02-27T10:14:21.533Z  ./src/app/dashboard/actions.ts:3:1
2026-02-27T10:14:21.533Z  Module not found: Can't resolve '@/lib/supabase/server'
2026-02-27T10:14:21.533Z  1 | 'use server'
2026-02-27T10:14:21.533Z  2 |
2026-02-27T10:14:21.533Z  > 3 | import { createClient } from '@/lib/supabase/server'
2026-02-27T10:14:21.533Z  | ^^^^^^^^^^^^^^^^^^^^^^^^^^^^^^^^^^^^^^^^^^^^^^^^^^^^
2026-02-27T10:14:21.533Z  4 | import { revalidatePath } from 'next/cache'
2026-02-27T10:14:21.533Z  5 |
2026-02-27T10:14:21.534Z  6 | export async function revokeVisitor(visitorId: string) {
2026-02-27T10:14:21.534Z  
2026-02-27T10:14:21.534Z  Import map: aliased to relative './src/lib/supabase/server' inside of [project]/
2026-02-27T10:14:21.534Z  
2026-02-27T10:14:21.534Z  
2026-02-27T10:14:21.534Z  https://nextjs.org/docs/messages/module-not-found
2026-02-27T10:14:21.534Z  
2026-02-27T10:14:21.534Z  
2026-02-27T10:14:21.534Z  ./src/app/dashboard/invite/actions.ts:3:1
2026-02-27T10:14:21.534Z  Module not found: Can't resolve '@/lib/supabase/server'
2026-02-27T10:14:21.534Z  1 | 'use server'
2026-02-27T10:14:21.534Z  2 |
2026-02-27T10:14:21.534Z  > 3 | import { createClient } from '@/lib/supabase/server'
2026-02-27T10:14:21.534Z  | ^^^^^^^^^^^^^^^^^^^^^^^^^^^^^^^^^^^^^^^^^^^^^^^^^^^^
2026-02-27T10:14:21.534Z  4 | import { revalidatePath } from 'next/cache'
2026-02-27T10:14:21.534Z  5 | import { redirect } from 'next/navigation'
2026-02-27T10:14:21.534Z  6 |
2026-02-27T10:14:21.534Z  
2026-02-27T10:14:21.534Z  Import map: aliased to relative './src/lib/supabase/server' inside of [project]/
2026-02-27T10:14:21.535Z  
2026-02-27T10:14:21.535Z  
2026-02-27T10:14:21.535Z  https://nextjs.org/docs/messages/module-not-found
2026-02-27T10:14:21.535Z  
2026-02-27T10:14:21.535Z  
2026-02-27T10:14:21.535Z  ./src/app/dashboard/page.tsx:1:1
2026-02-27T10:14:21.535Z  Module not found: Can't resolve '@/lib/supabase/server'
2026-02-27T10:14:21.535Z  > 1 | import { createClient } from '@/lib/supabase/server'
2026-02-27T10:14:21.535Z  | ^^^^^^^^^^^^^^^^^^^^^^^^^^^^^^^^^^^^^^^^^^^^^^^^^^^^
2026-02-27T10:14:21.535Z  2 | import { PlusCircle, Search, Car } from 'lucide-react'
2026-02-27T10:14:21.535Z  3 | import Link from 'next/link'
2026-02-27T10:14:21.537Z  4 | import { QRCodeDisplay } from '@/components/QRCodeDisplay'
2026-02-27T10:14:21.538Z  
2026-02-27T10:14:21.538Z  Import map: aliased to relative './src/lib/supabase/server' inside of [project]/
2026-02-27T10:14:21.538Z  
2026-02-27T10:14:21.539Z  
2026-02-27T10:14:21.539Z  https://nextjs.org/docs/messages/module-not-found
2026-02-27T10:14:21.540Z  
2026-02-27T10:14:21.540Z  
2026-02-27T10:14:21.540Z  ./src/app/guard/directory/page.tsx:1:1
2026-02-27T10:14:21.541Z  Module not found: Can't resolve '@/lib/supabase/server'
2026-02-27T10:14:21.541Z  > 1 | import { createClient } from '@/lib/supabase/server'
2026-02-27T10:14:21.541Z  | ^^^^^^^^^^^^^^^^^^^^^^^^^^^^^^^^^^^^^^^^^^^^^^^^^^^^
2026-02-27T10:14:21.542Z  2 | import { PhoneCall, Search, Hash, Building2 } from 'lucide-react'
2026-02-27T10:14:21.542Z  3 |
2026-02-27T10:14:21.542Z  4 | export default async function GuardDirectoryPage() {
2026-02-27T10:14:21.543Z  
2026-02-27T10:14:21.543Z  Import map: aliased to relative './src/lib/supabase/server' inside of [project]/
2026-02-27T10:14:21.543Z  
2026-02-27T10:14:21.544Z  
2026-02-27T10:14:21.544Z  https://nextjs.org/docs/messages/module-not-found
2026-02-27T10:14:21.544Z  
2026-02-27T10:14:21.545Z  
2026-02-27T10:14:21.545Z  ./src/app/guard/parking/page.tsx:1:1
2026-02-27T10:14:21.545Z  Module not found: Can't resolve '@/lib/supabase/server'
2026-02-27T10:14:21.545Z  > 1 | import { createClient } from '@/lib/supabase/server'
2026-02-27T10:14:21.546Z  | ^^^^^^^^^^^^^^^^^^^^^^^^^^^^^^^^^^^^^^^^^^^^^^^^^^^^
2026-02-27T10:14:21.546Z  2 | import { CarFront, Clock, User, Hash } from 'lucide-react'
2026-02-27T10:14:21.546Z  3 |
2026-02-27T10:14:21.546Z  4 | export default async function GuardParkingPage() {
2026-02-27T10:14:21.546Z  
2026-02-27T10:14:21.546Z  Import map: aliased to relative './src/lib/supabase/server' inside of [project]/
2026-02-27T10:14:21.546Z  
2026-02-27T10:14:21.546Z  
2026-02-27T10:14:21.546Z  https://nextjs.org/docs/messages/module-not-found
2026-02-27T10:14:21.546Z  
2026-02-27T10:14:21.546Z  
2026-02-27T10:14:21.546Z  ./src/app/guest/[id]/page.tsx:1:1
2026-02-27T10:14:21.546Z  Module not found: Can't resolve '@/lib/supabase/server'
2026-02-27T10:14:21.546Z  > 1 | import { createClient } from '@/lib/supabase/server'
2026-02-27T10:14:21.546Z  | ^^^^^^^^^^^^^^^^^^^^^^^^^^^^^^^^^^^^^^^^^^^^^^^^^^^^
2026-02-27T10:14:21.547Z  2 | import { notFound } from 'next/navigation'
2026-02-27T10:14:21.547Z  3 | import { QRCodeDisplay } from '@/components/QRCodeDisplay'
2026-02-27T10:14:21.547Z  4 | import { GuestAdBanner } from '@/components/GuestAdBanner'
2026-02-27T10:14:21.547Z  
2026-02-27T10:14:21.547Z  Import map: aliased to relative './src/lib/supabase/server' inside of [project]/
2026-02-27T10:14:21.547Z  
2026-02-27T10:14:21.547Z  
2026-02-27T10:14:21.547Z  https://nextjs.org/docs/messages/module-not-found
2026-02-27T10:14:21.547Z  
2026-02-27T10:14:21.547Z  
2026-02-27T10:14:21.547Z  ./src/app/login/actions.ts:5:1
2026-02-27T10:14:21.547Z  Module not found: Can't resolve '@/lib/supabase/server'
2026-02-27T10:14:21.547Z  3 | import { revalidatePath } from 'next/cache'
2026-02-27T10:14:21.547Z  4 | import { redirect } from 'next/navigation'
2026-02-27T10:14:21.547Z  > 5 | import { createClient } from '@/lib/supabase/server'
2026-02-27T10:14:21.547Z  | ^^^^^^^^^^^^^^^^^^^^^^^^^^^^^^^^^^^^^^^^^^^^^^^^^^^^
2026-02-27T10:14:21.547Z  6 |
2026-02-27T10:14:21.547Z  7 | export async function login(formData: FormData) {
2026-02-27T10:14:21.547Z  8 |     const supabase = await createClient()
2026-02-27T10:14:21.547Z  
2026-02-27T10:14:21.547Z  Import map: aliased to relative './src/lib/supabase/server' inside of [project]/
2026-02-27T10:14:21.547Z  
2026-02-27T10:14:21.547Z  
2026-02-27T10:14:21.547Z  https://nextjs.org/docs/messages/module-not-found
2026-02-27T10:14:21.547Z  
2026-02-27T10:14:21.547Z  
2026-02-27T10:14:21.547Z  ./src/app/super-admin/announcements/page.tsx:1:1
2026-02-27T10:14:21.547Z  Module not found: Can't resolve '@/lib/supabase/server'
2026-02-27T10:14:21.547Z  > 1 | import { createClient } from '@/lib/supabase/server'
2026-02-27T10:14:21.547Z  | ^^^^^^^^^^^^^^^^^^^^^^^^^^^^^^^^^^^^^^^^^^^^^^^^^^^^
2026-02-27T10:14:21.547Z  2 | import { Megaphone, Send, Clock, Trash2 } from 'lucide-react'
2026-02-27T10:14:21.547Z  3 | import { revalidatePath } from 'next/cache'
2026-02-27T10:14:21.547Z  4 | import { formatDistanceToNow } from 'date-fns'
2026-02-27T10:14:21.547Z  
2026-02-27T10:14:21.547Z  Import map: aliased to relative './src/lib/supabase/server' inside of [project]/
2026-02-27T10:14:21.547Z  
2026-02-27T10:14:21.547Z  
2026-02-27T10:14:21.547Z  https://nextjs.org/docs/messages/module-not-found
2026-02-27T10:14:21.547Z  
2026-02-27T10:14:21.547Z  
2026-02-27T10:14:21.547Z  ./src/app/super-admin/logs/page.tsx:1:1
2026-02-27T10:14:21.547Z  Module not found: Can't resolve '@/lib/supabase/server'
2026-02-27T10:14:21.547Z  > 1 | import { createClient } from '@/lib/supabase/server'
2026-02-27T10:14:21.547Z  | ^^^^^^^^^^^^^^^^^^^^^^^^^^^^^^^^^^^^^^^^^^^^^^^^^^^^
2026-02-27T10:14:21.547Z  2 | import { ScrollText, Download, Calendar, Activity, User, Key } from 'lucide-react'
2026-02-27T10:14:21.547Z  3 | import { format } from 'date-fns'
2026-02-27T10:14:21.547Z  4 |
2026-02-27T10:14:21.548Z  
2026-02-27T10:14:21.548Z  Import map: aliased to relative './src/lib/supabase/server' inside of [project]/
2026-02-27T10:14:21.548Z  
2026-02-27T10:14:21.548Z  
2026-02-27T10:14:21.548Z  https://nextjs.org/docs/messages/module-not-found
2026-02-27T10:14:21.548Z  
2026-02-27T10:14:21.548Z  
2026-02-27T10:14:21.548Z  ./src/app/super-admin/units/page.tsx:1:1
2026-02-27T10:14:21.548Z  Module not found: Can't resolve '@/lib/supabase/server'
2026-02-27T10:14:21.548Z  > 1 | import { createClient } from '@/lib/supabase/server'
2026-02-27T10:14:21.548Z  | ^^^^^^^^^^^^^^^^^^^^^^^^^^^^^^^^^^^^^^^^^^^^^^^^^^^^
2026-02-27T10:14:21.548Z  2 | import { Building, Plus, Users, Search } from 'lucide-react'
2026-02-27T10:14:21.548Z  3 | import { revalidatePath } from 'next/cache'
2026-02-27T10:14:21.548Z  4 |
2026-02-27T10:14:21.548Z  
2026-02-27T10:14:21.548Z  Import map: aliased to relative './src/lib/supabase/server' inside of [project]/
2026-02-27T10:14:21.548Z  
2026-02-27T10:14:21.548Z  
2026-02-27T10:14:21.548Z  https://nextjs.org/docs/messages/module-not-found
2026-02-27T10:14:21.548Z  
2026-02-27T10:14:21.548Z  
2026-02-27T10:14:21.548Z  at <unknown> (./src/components/GuardSidebar.tsx:12:1)
2026-02-27T10:14:21.548Z  at <unknown> (https://nextjs.org/docs/messages/module-not-found)
2026-02-27T10:14:21.548Z  at <unknown> (./src/components/Sidebar.tsx:6:1)
2026-02-27T10:14:21.548Z  at <unknown> (https://nextjs.org/docs/messages/module-not-found)
2026-02-27T10:14:21.548Z  at <unknown> (./src/components/SuperAdminSidebar.tsx:6:1)
2026-02-27T10:14:21.548Z  at <unknown> (https://nextjs.org/docs/messages/module-not-found)
2026-02-27T10:14:21.548Z  at <unknown> (./src/middleware.ts:2:1)
2026-02-27T10:14:21.548Z  at <unknown> (https://nextjs.org/docs/messages/module-not-found)
2026-02-27T10:14:21.548Z  at <unknown> (./src/app/dashboard/actions.ts:3:1)
2026-02-27T10:14:21.548Z  at <unknown> (https://nextjs.org/docs/messages/module-not-found)
2026-02-27T10:14:21.548Z  at <unknown> (./src/app/dashboard/invite/actions.ts:3:1)
2026-02-27T10:14:21.548Z  at <unknown> (https://nextjs.org/docs/messages/module-not-found)
2026-02-27T10:14:21.548Z  at <unknown> (./src/app/dashboard/page.tsx:1:1)
2026-02-27T10:14:21.548Z  at <unknown> (https://nextjs.org/docs/messages/module-not-found)
2026-02-27T10:14:21.548Z  at <unknown> (./src/app/guard/directory/page.tsx:1:1)
2026-02-27T10:14:21.548Z  at <unknown> (https://nextjs.org/docs/messages/module-not-found)
2026-02-27T10:14:21.548Z  at <unknown> (./src/app/guard/parking/page.tsx:1:1)
2026-02-27T10:14:21.548Z  at <unknown> (https://nextjs.org/docs/messages/module-not-found)
2026-02-27T10:14:21.548Z  at <unknown> (./src/app/guest/[id]/page.tsx:1:1)
2026-02-27T10:14:21.548Z  at <unknown> (https://nextjs.org/docs/messages/module-not-found)
2026-02-27T10:14:21.548Z  at <unknown> (./src/app/login/actions.ts:5:1)
2026-02-27T10:14:21.548Z  at <unknown> (https://nextjs.org/docs/messages/module-not-found)
2026-02-27T10:14:21.548Z  at <unknown> (./src/app/super-admin/announcements/page.tsx:1:1)
2026-02-27T10:14:21.548Z  at <unknown> (https://nextjs.org/docs/messages/module-not-found)
2026-02-27T10:14:21.548Z  at <unknown> (./src/app/super-admin/logs/page.tsx:1:1)
2026-02-27T10:14:21.548Z  at <unknown> (https://nextjs.org/docs/messages/module-not-found)
2026-02-27T10:14:21.548Z  at <unknown> (./src/app/super-admin/units/page.tsx:1:1)
2026-02-27T10:14:21.549Z  at <unknown> (https://nextjs.org/docs/messages/module-not-found)
2026-02-27T10:14:21.590Z  Error: Command "npm run build" exited with 1
https://nexus-vercel-el3wbb667-kyles-projects-1a3e7e0d.vercel.app
